TN:
SF:src\App.tsx
FN:4,App
FNF:1
FNH:0
FNDA:0,App
DA:1,0
DA:2,0
DA:5,0
DA:13,0
LF:4
LH:0
BRF:0
BRH:0
end_of_record
TN:
SF:src\main.tsx
FNF:0
FNH:0
DA:1,0
DA:2,0
DA:3,0
DA:4,0
DA:6,0
LF:5
LH:0
BRF:0
BRH:0
end_of_record
TN:
SF:src\components\Navbar.tsx
FN:7,Navbar
FN:10,(anonymous_1)
FN:29,(anonymous_2)
FNF:3
FNH:3
FNDA:5,Navbar
FNDA:5,(anonymous_1)
FNDA:1,(anonymous_2)
DA:1,1
DA:7,1
DA:8,5
DA:10,5
DA:11,5
DA:13,5
DA:15,2
DA:17,1
DA:19,1
DA:21,1
DA:25,5
DA:29,1
LF:12
LH:12
BRDA:13,0,0,2
BRDA:13,0,1,1
BRDA:13,0,2,1
BRDA:13,0,3,1
BRF:4
BRH:4
end_of_record
TN:
SF:src\components\Sidebar.tsx
FN:9,Sidebar
FN:12,(anonymous_1)
FN:31,(anonymous_2)
FN:58,(anonymous_3)
FNF:4
FNH:4
FNDA:5,Sidebar
FNDA:1,(anonymous_1)
FNDA:1,(anonymous_2)
FNDA:1,(anonymous_3)
DA:1,1
DA:2,1
DA:9,1
DA:10,5
DA:12,5
DA:13,1
DA:14,1
DA:17,5
DA:31,1
DA:58,1
LF:10
LH:10
BRDA:22,0,0,4
BRDA:22,0,1,1
BRDA:55,1,0,5
BRDA:55,1,1,4
BRF:4
BRH:4
end_of_record
TN:
SF:src\components\Toast.tsx
FN:3,(anonymous_1)
FN:7,(anonymous_2)
FNF:2
FNH:2
FNDA:1,(anonymous_1)
FNDA:1,(anonymous_2)
DA:1,2
DA:3,2
DA:4,1
DA:7,2
DA:8,1
LF:5
LH:5
BRF:0
BRH:0
end_of_record
TN:
SF:src\pages\Dashboard.tsx
FN:5,Dashboard
FNF:1
FNH:0
FNDA:0,Dashboard
DA:1,0
DA:2,0
DA:3,0
DA:5,0
DA:6,0
DA:8,0
LF:6
LH:0
BRF:0
BRH:0
end_of_record
TN:
SF:src\pages\DetailUser.tsx
FN:7,DetailUser
FN:13,(anonymous_2)
FN:25,(anonymous_3)
FNF:3
FNH:0
FNDA:0,DetailUser
FNDA:0,(anonymous_2)
FNDA:0,(anonymous_3)
DA:1,0
DA:2,0
DA:3,0
DA:4,0
DA:5,0
DA:7,0
DA:8,0
DA:9,0
DA:10,0
DA:11,0
DA:13,0
DA:14,0
DA:15,0
DA:16,0
DA:17,0
DA:19,0
DA:21,0
DA:25,0
DA:26,0
DA:29,0
LF:20
LH:0
BRDA:38,0,0,0
BRDA:38,0,1,0
BRF:2
BRH:0
end_of_record
TN:
SF:src\pages\ListUser.tsx
FN:7,ListUser
FN:14,(anonymous_2)
FN:24,(anonymous_3)
FN:38,(anonymous_4)
FN:41,(anonymous_5)
FN:61,(anonymous_6)
FN:69,(anonymous_7)
FN:72,(anonymous_8)
FN:85,(anonymous_9)
FNF:9
FNH:0
FNDA:0,ListUser
FNDA:0,(anonymous_2)
FNDA:0,(anonymous_3)
FNDA:0,(anonymous_4)
FNDA:0,(anonymous_5)
FNDA:0,(anonymous_6)
FNDA:0,(anonymous_7)
FNDA:0,(anonymous_8)
FNDA:0,(anonymous_9)
DA:1,0
DA:2,0
DA:3,0
DA:4,0
DA:5,0
DA:7,0
DA:8,0
DA:9,0
DA:10,0
DA:11,0
DA:12,0
DA:14,0
DA:15,0
DA:16,0
DA:17,0
DA:18,0
DA:20,0
DA:24,0
DA:25,0
DA:28,0
DA:39,0
DA:41,0
DA:61,0
DA:70,0
DA:72,0
DA:85,0
LF:26
LH:0
BRDA:74,0,0,0
BRDA:74,0,1,0
BRF:2
BRH:0
end_of_record
TN:
SF:src\pages\Login.tsx
FN:8,Login
FN:13,(anonymous_1)
FN:48,(anonymous_2)
FN:61,(anonymous_3)
FNF:4
FNH:4
FNDA:81,Login
FNDA:3,(anonymous_1)
FNDA:52,(anonymous_2)
FNDA:24,(anonymous_3)
DA:1,1
DA:2,1
DA:3,1
DA:4,1
DA:6,1
DA:8,1
DA:9,81
DA:10,81
DA:11,81
DA:13,81
DA:14,3
DA:15,3
DA:16,3
DA:17,1
DA:18,1
DA:19,1
DA:21,2
DA:25,81
DA:48,52
DA:61,24
LF:20
LH:20
BRDA:21,0,0,2
BRDA:21,0,1,1
BRF:2
BRH:2
end_of_record
TN:
SF:src\pages\Register.tsx
FN:7,Register
FN:12,(anonymous_2)
FN:46,(anonymous_3)
FN:59,(anonymous_4)
FNF:4
FNH:0
FNDA:0,Register
FNDA:0,(anonymous_2)
FNDA:0,(anonymous_3)
FNDA:0,(anonymous_4)
DA:1,0
DA:2,0
DA:3,0
DA:4,0
DA:5,0
DA:7,0
DA:8,0
DA:9,0
DA:10,0
DA:12,0
DA:13,0
DA:14,0
DA:15,0
DA:16,0
DA:17,0
DA:19,0
DA:23,0
DA:46,0
DA:59,0
LF:19
LH:0
BRDA:19,0,0,0
BRDA:19,0,1,0
BRF:2
BRH:0
end_of_record
TN:
SF:src\routes\ProtectedRoutes.tsx
FN:9,ProtectedRoute
FNF:1
FNH:0
FNDA:0,ProtectedRoute
DA:1,0
DA:2,0
DA:9,0
DA:10,0
DA:11,0
DA:14,0
LF:6
LH:0
BRDA:10,0,0,0
BRF:1
BRH:0
end_of_record
TN:
SF:src\routes\auth.tsx
FN:2,(anonymous_0)
FN:7,(anonymous_1)
FN:12,(anonymous_2)
FN:17,(anonymous_3)
FNF:4
FNH:0
FNDA:0,(anonymous_0)
FNDA:0,(anonymous_1)
FNDA:0,(anonymous_2)
FNDA:0,(anonymous_3)
DA:2,2
DA:3,0
DA:7,2
DA:8,0
DA:12,2
DA:13,0
DA:17,2
DA:18,0
LF:8
LH:4
BRF:0
BRH:0
end_of_record
TN:
SF:src\routes\index.tsx
FN:9,AppRoutes
FNF:1
FNH:0
FNDA:0,AppRoutes
DA:1,0
DA:2,0
DA:3,0
DA:4,0
DA:5,0
DA:6,0
DA:7,0
DA:9,0
DA:10,0
LF:9
LH:0
BRF:0
BRH:0
end_of_record
TN:
SF:src\services\auth.tsx
FN:5,(anonymous_1)
FN:18,(anonymous_2)
FN:31,(anonymous_3)
FN:40,(anonymous_4)
FNF:4
FNH:4
FNDA:1,(anonymous_1)
FNDA:1,(anonymous_2)
FNDA:1,(anonymous_3)
FNDA:1,(anonymous_4)
DA:1,2
DA:3,2
DA:4,2
DA:5,2
DA:6,1
DA:15,1
DA:18,2
DA:19,1
DA:28,1
DA:31,2
DA:32,1
DA:37,1
DA:40,2
DA:41,1
DA:46,1
LF:15
LH:15
BRF:0
BRH:0
end_of_record
